<?xml version="1.0" encoding="UTF-8"?>
<!-- Generated by org.testng.reporters.JUnitXMLReporter -->
<testsuite ignored="0" hostname="Katwolf" failures="1" tests="3" name="flipkart" time="12.882" errors="0" timestamp="2023-07-14T18:56:28 ICT">
  <testcase classname="test.seletestng" name="verifyHomepageTitile" time="0.014"/>
  <testcase classname="test.seletestng" name="verifyLoginpageTitile" time="3.743"/>
  <testcase classname="test.seletestng" name="verifySupportpageTitile" time="0.085">
    <failure type="java.lang.AssertionError" message="expected [Under Construction: Mercury Tours] but found [Login: Mercury Tours]">
      <![CDATA[java.lang.AssertionError: expected [Under Construction: Mercury Tours] but found [Login: Mercury Tours]
at test.seletestng.verifySupportpageTitile(seletestng.java:38)
at java.base/java.util.ArrayList.forEach(ArrayList.java:1511)
at java.base/java.util.concurrent.FutureTask.run(FutureTask.java:264)
at java.base/java.util.concurrent.ThreadPoolExecutor.runWorker(ThreadPoolExecutor.java:1136)
at java.base/java.util.concurrent.ThreadPoolExecutor$Worker.run(ThreadPoolExecutor.java:635)
at java.base/java.lang.Thread.run(Thread.java:833)
... Removed 23 stack frames]]>
    </failure>
  </testcase> <!-- verifySupportpageTitile -->
</testsuite> <!-- flipkart -->
